<?xml version="1.0" encoding="UTF-8"?>
<assembly xmlns="http://maven.apache.org/plugins/maven-assembly-plugin/assembly/1.1.0" xmlns:xsi="http://www.w3.org/2001/XMLSchema-instance"
  xsi:schemaLocation="http://maven.apache.org/plugins/maven-assembly-plugin/assembly/1.1.0 
  http://maven.apache.org/xsd/assembly-1.1.0.xsd">

  <!--
  Creates a jar containing test assets for the project this assembly 
  is applied to allowing dependent projects to use them. 
  -->

  <id>testassets</id>
  <includeBaseDirectory>false</includeBaseDirectory>
  <formats>
    <format>jar</format>
  </formats>

  <fileSets>
    <fileSet>
      <directory>target/test-classes</directory>
      <!-- exclude concrete tests that test util related! -->
      <excludes>
        <exclude>**/*UtilTest*</exclude>
        <exclude>**/SimpleEntityDaoTest*</exclude><!-- hack -->
      </excludes>
      <includes>
        <include>**/test/**</include>
        <include>**/mock/**</include>
        <include>**/I*</include><!-- include interfaces -->
        <include>**/Abstract*Test*</include>
        <include>**/*Util*</include>
        <include>**/*Support*</include>
        <include>**/TestEntityDaoTestHandler*</include><!-- hack -->
      </includes>
      <outputDirectory>/</outputDirectory>
    </fileSet>
  </fileSets>

</assembly>