<?xml version="1.0" encoding="UTF-8"?>
<assembly xmlns="http://maven.apache.org/plugins/maven-assembly-plugin/assembly/1.1.0" xmlns:xsi="http://www.w3.org/2001/XMLSchema-instance"
  xsi:schemaLocation="http://maven.apache.org/plugins/maven-assembly-plugin/assembly/1.1.0 
  http://maven.apache.org/xsd/assembly-1.1.0.xsd">

  <id>testassets</id>
  <includeBaseDirectory>false</includeBaseDirectory>
  <formats>
    <format>jar</format>
  </formats>

  <fileSets>
    <fileSet>
      <directory>target/test-classes</directory>
      <includes>
        <include>**/test/**</include>
        <include>**/*.xml</include>
        <include>**/Test*Module.class</include>
      </includes>
      <outputDirectory>/</outputDirectory>
    </fileSet>
  </fileSets>

</assembly>