<assembly>
  <id>test-persistence-unit</id>
  <formats>
    <format>jar</format>
  </formats>
  <includeBaseDirectory>false</includeBaseDirectory>
  <fileSets>
    <fileSet>
      <directory>${project.basedir}/target/classes</directory>
      <outputDirectory>/</outputDirectory>
      <!-- 
      <includes>
        <include>**/model/**</include>
        <include>**/META-INF/**</include>
        <include>db-*</include>
        <include>ehcache.xml</include>
        <include>mock-entities.xml</include>
      </includes>
      -->
    </fileSet>
  </fileSets>
</assembly>