<!DOCTYPE suite SYSTEM "http://testng.org/testng-1.0.dtd">
<suite name="smbiz-client-model-tests">
  
  <test name="client-model-tests" annotations="JDK">
    <groups>
      <run>
        <include name="client-model" />
      </run>
    </groups>
    <packages>
      <package name="com.tll.common.*" />
    </packages>
  </test>
  
</suite>
